<?xml version="1.0" encoding="UTF-8"?>
<!-- Generated by org.testng.reporters.JUnitReportReporter -->
<testsuite hostname="DESKTOP-9B2566O" name="TestCases.Regression.Regression" tests="1" failures="0" timestamp="29 Feb 2020 09:40:06 GMT" time="30.053" errors="0">
  <testcase name="tc_01" time="30.053" classname="TestCases.Regression.Regression"/>
</testsuite> <!-- TestCases.Regression.Regression -->
